<?xml version="1.0" encoding="UTF-8"?>
<testsuite xmlns:xsi="http://www.w3.org/2001/XMLSchema-instance" xsi:noNamespaceSchemaLocation="https://maven.apache.org/surefire/maven-surefire-plugin/xsd/surefire-test-report.xsd" name="ma.ocp.ServiceConfigApplicationTests" time="10.568" tests="1" errors="0" skipped="0" failures="0">
  <properties>
    <property name="sun.desktop" value="gnome"/>
    <property name="awt.toolkit" value="sun.awt.X11.XToolkit"/>
    <property name="file.encoding.pkg" value="sun.io"/>
    <property name="java.specification.version" value="1.8"/>
    <property name="sun.cpu.isalist" value=""/>
    <property name="sun.jnu.encoding" value="UTF-8"/>
    <property name="java.class.path" value="/home/roudane/Documents/workspace-sts-3.9.8.RELEASE/service-config/target/test-classes:/home/roudane/Documents/workspace-sts-3.9.8.RELEASE/service-config/target/classes:/home/roudane/Bureau/java/maven/repository/org/springframework/cloud/spring-cloud-config-server/2.1.3.RELEASE/spring-cloud-config-server-2.1.3.RELEASE.jar:/home/roudane/Bureau/java/maven/repository/org/springframework/cloud/spring-cloud-config-client/2.1.3.RELEASE/spring-cloud-config-client-2.1.3.RELEASE.jar:/home/roudane/Bureau/java/maven/repository/org/springframework/boot/spring-boot-autoconfigure/2.1.7.RELEASE/spring-boot-autoconfigure-2.1.7.RELEASE.jar:/home/roudane/Bureau/java/maven/repository/org/springframework/cloud/spring-cloud-commons/2.1.2.RELEASE/spring-cloud-commons-2.1.2.RELEASE.jar:/home/roudane/Bureau/java/maven/repository/org/springframework/cloud/spring-cloud-context/2.1.2.RELEASE/spring-cloud-context-2.1.2.RELEASE.jar:/home/roudane/Bureau/java/maven/repository/org/springframework/spring-web/5.1.9.RELEASE/spring-web-5.1.9.RELEASE.jar:/home/roudane/Bureau/java/maven/repository/org/springframework/spring-beans/5.1.9.RELEASE/spring-beans-5.1.9.RELEASE.jar:/home/roudane/Bureau/java/maven/repository/com/fasterxml/jackson/core/jackson-annotations/2.9.0/jackson-annotations-2.9.0.jar:/home/roudane/Bureau/java/maven/repository/com/fasterxml/jackson/core/jackson-databind/2.9.9/jackson-databind-2.9.9.jar:/home/roudane/Bureau/java/maven/repository/com/fasterxml/jackson/core/jackson-core/2.9.9/jackson-core-2.9.9.jar:/home/roudane/Bureau/java/maven/repository/org/springframework/boot/spring-boot-starter-actuator/2.1.7.RELEASE/spring-boot-starter-actuator-2.1.7.RELEASE.jar:/home/roudane/Bureau/java/maven/repository/org/springframework/boot/spring-boot-actuator-autoconfigure/2.1.7.RELEASE/spring-boot-actuator-autoconfigure-2.1.7.RELEASE.jar:/home/roudane/Bureau/java/maven/repository/org/springframework/boot/spring-boot-actuator/2.1.7.RELEASE/spring-boot-actuator-2.1.7.RELEASE.jar:/home/roudane/Bureau/java/maven/repository/org/springframework/spring-context/5.1.9.RELEASE/spring-context-5.1.9.RELEASE.jar:/home/roudane/Bureau/java/maven/repository/com/fasterxml/jackson/datatype/jackson-datatype-jsr310/2.9.9/jackson-datatype-jsr310-2.9.9.jar:/home/roudane/Bureau/java/maven/repository/io/micrometer/micrometer-core/1.1.5/micrometer-core-1.1.5.jar:/home/roudane/Bureau/java/maven/repository/org/hdrhistogram/HdrHistogram/2.1.9/HdrHistogram-2.1.9.jar:/home/roudane/Bureau/java/maven/repository/org/latencyutils/LatencyUtils/2.0.3/LatencyUtils-2.0.3.jar:/home/roudane/Bureau/java/maven/repository/org/springframework/boot/spring-boot-starter-web/2.1.7.RELEASE/spring-boot-starter-web-2.1.7.RELEASE.jar:/home/roudane/Bureau/java/maven/repository/org/springframework/boot/spring-boot-starter-json/2.1.7.RELEASE/spring-boot-starter-json-2.1.7.RELEASE.jar:/home/roudane/Bureau/java/maven/repository/com/fasterxml/jackson/datatype/jackson-datatype-jdk8/2.9.9/jackson-datatype-jdk8-2.9.9.jar:/home/roudane/Bureau/java/maven/repository/com/fasterxml/jackson/module/jackson-module-parameter-names/2.9.9/jackson-module-parameter-names-2.9.9.jar:/home/roudane/Bureau/java/maven/repository/org/springframework/boot/spring-boot-starter-tomcat/2.1.7.RELEASE/spring-boot-starter-tomcat-2.1.7.RELEASE.jar:/home/roudane/Bureau/java/maven/repository/org/apache/tomcat/embed/tomcat-embed-core/9.0.22/tomcat-embed-core-9.0.22.jar:/home/roudane/Bureau/java/maven/repository/org/apache/tomcat/embed/tomcat-embed-el/9.0.22/tomcat-embed-el-9.0.22.jar:/home/roudane/Bureau/java/maven/repository/org/apache/tomcat/embed/tomcat-embed-websocket/9.0.22/tomcat-embed-websocket-9.0.22.jar:/home/roudane/Bureau/java/maven/repository/org/hibernate/validator/hibernate-validator/6.0.17.Final/hibernate-validator-6.0.17.Final.jar:/home/roudane/Bureau/java/maven/repository/javax/validation/validation-api/2.0.1.Final/validation-api-2.0.1.Final.jar:/home/roudane/Bureau/java/maven/repository/org/jboss/logging/jboss-logging/3.3.2.Final/jboss-logging-3.3.2.Final.jar:/home/roudane/Bureau/java/maven/repository/com/fasterxml/classmate/1.4.0/classmate-1.4.0.jar:/home/roudane/Bureau/java/maven/repository/org/springframework/spring-webmvc/5.1.9.RELEASE/spring-webmvc-5.1.9.RELEASE.jar:/home/roudane/Bureau/java/maven/repository/org/springframework/spring-aop/5.1.9.RELEASE/spring-aop-5.1.9.RELEASE.jar:/home/roudane/Bureau/java/maven/repository/org/springframework/spring-expression/5.1.9.RELEASE/spring-expression-5.1.9.RELEASE.jar:/home/roudane/Bureau/java/maven/repository/org/springframework/security/spring-security-crypto/5.1.6.RELEASE/spring-security-crypto-5.1.6.RELEASE.jar:/home/roudane/Bureau/java/maven/repository/org/springframework/security/spring-security-rsa/1.0.7.RELEASE/spring-security-rsa-1.0.7.RELEASE.jar:/home/roudane/Bureau/java/maven/repository/org/bouncycastle/bcpkix-jdk15on/1.60/bcpkix-jdk15on-1.60.jar:/home/roudane/Bureau/java/maven/repository/org/bouncycastle/bcprov-jdk15on/1.60/bcprov-jdk15on-1.60.jar:/home/roudane/Bureau/java/maven/repository/org/eclipse/jgit/org.eclipse.jgit/5.1.3.201810200350-r/org.eclipse.jgit-5.1.3.201810200350-r.jar:/home/roudane/Bureau/java/maven/repository/com/jcraft/jsch/0.1.54/jsch-0.1.54.jar:/home/roudane/Bureau/java/maven/repository/com/jcraft/jzlib/1.1.1/jzlib-1.1.1.jar:/home/roudane/Bureau/java/maven/repository/com/googlecode/javaewah/JavaEWAH/1.1.6/JavaEWAH-1.1.6.jar:/home/roudane/Bureau/java/maven/repository/org/slf4j/slf4j-api/1.7.26/slf4j-api-1.7.26.jar:/home/roudane/Bureau/java/maven/repository/org/eclipse/jgit/org.eclipse.jgit.http.apache/5.1.3.201810200350-r/org.eclipse.jgit.http.apache-5.1.3.201810200350-r.jar:/home/roudane/Bureau/java/maven/repository/org/apache/httpcomponents/httpclient/4.5.9/httpclient-4.5.9.jar:/home/roudane/Bureau/java/maven/repository/commons-codec/commons-codec/1.11/commons-codec-1.11.jar:/home/roudane/Bureau/java/maven/repository/org/apache/httpcomponents/httpcore/4.4.11/httpcore-4.4.11.jar:/home/roudane/Bureau/java/maven/repository/org/yaml/snakeyaml/1.23/snakeyaml-1.23.jar:/home/roudane/Bureau/java/maven/repository/org/springframework/boot/spring-boot-starter-test/2.1.7.RELEASE/spring-boot-starter-test-2.1.7.RELEASE.jar:/home/roudane/Bureau/java/maven/repository/org/springframework/boot/spring-boot-starter/2.1.7.RELEASE/spring-boot-starter-2.1.7.RELEASE.jar:/home/roudane/Bureau/java/maven/repository/org/springframework/boot/spring-boot/2.1.7.RELEASE/spring-boot-2.1.7.RELEASE.jar:/home/roudane/Bureau/java/maven/repository/org/springframework/boot/spring-boot-starter-logging/2.1.7.RELEASE/spring-boot-starter-logging-2.1.7.RELEASE.jar:/home/roudane/Bureau/java/maven/repository/ch/qos/logback/logback-classic/1.2.3/logback-classic-1.2.3.jar:/home/roudane/Bureau/java/maven/repository/ch/qos/logback/logback-core/1.2.3/logback-core-1.2.3.jar:/home/roudane/Bureau/java/maven/repository/org/apache/logging/log4j/log4j-to-slf4j/2.11.2/log4j-to-slf4j-2.11.2.jar:/home/roudane/Bureau/java/maven/repository/org/apache/logging/log4j/log4j-api/2.11.2/log4j-api-2.11.2.jar:/home/roudane/Bureau/java/maven/repository/org/slf4j/jul-to-slf4j/1.7.26/jul-to-slf4j-1.7.26.jar:/home/roudane/Bureau/java/maven/repository/javax/annotation/javax.annotation-api/1.3.2/javax.annotation-api-1.3.2.jar:/home/roudane/Bureau/java/maven/repository/org/springframework/boot/spring-boot-test/2.1.7.RELEASE/spring-boot-test-2.1.7.RELEASE.jar:/home/roudane/Bureau/java/maven/repository/org/springframework/boot/spring-boot-test-autoconfigure/2.1.7.RELEASE/spring-boot-test-autoconfigure-2.1.7.RELEASE.jar:/home/roudane/Bureau/java/maven/repository/com/jayway/jsonpath/json-path/2.4.0/json-path-2.4.0.jar:/home/roudane/Bureau/java/maven/repository/net/minidev/json-smart/2.3/json-smart-2.3.jar:/home/roudane/Bureau/java/maven/repository/net/minidev/accessors-smart/1.2/accessors-smart-1.2.jar:/home/roudane/Bureau/java/maven/repository/org/ow2/asm/asm/5.0.4/asm-5.0.4.jar:/home/roudane/Bureau/java/maven/repository/junit/junit/4.12/junit-4.12.jar:/home/roudane/Bureau/java/maven/repository/org/assertj/assertj-core/3.11.1/assertj-core-3.11.1.jar:/home/roudane/Bureau/java/maven/repository/org/mockito/mockito-core/2.23.4/mockito-core-2.23.4.jar:/home/roudane/Bureau/java/maven/repository/net/bytebuddy/byte-buddy/1.9.16/byte-buddy-1.9.16.jar:/home/roudane/Bureau/java/maven/repository/net/bytebuddy/byte-buddy-agent/1.9.16/byte-buddy-agent-1.9.16.jar:/home/roudane/Bureau/java/maven/repository/org/objenesis/objenesis/2.6/objenesis-2.6.jar:/home/roudane/Bureau/java/maven/repository/org/hamcrest/hamcrest-core/1.3/hamcrest-core-1.3.jar:/home/roudane/Bureau/java/maven/repository/org/hamcrest/hamcrest-library/1.3/hamcrest-library-1.3.jar:/home/roudane/Bureau/java/maven/repository/org/skyscreamer/jsonassert/1.5.0/jsonassert-1.5.0.jar:/home/roudane/Bureau/java/maven/repository/com/vaadin/external/google/android-json/0.0.20131108.vaadin1/android-json-0.0.20131108.vaadin1.jar:/home/roudane/Bureau/java/maven/repository/org/springframework/spring-core/5.1.9.RELEASE/spring-core-5.1.9.RELEASE.jar:/home/roudane/Bureau/java/maven/repository/org/springframework/spring-jcl/5.1.9.RELEASE/spring-jcl-5.1.9.RELEASE.jar:/home/roudane/Bureau/java/maven/repository/org/springframework/spring-test/5.1.9.RELEASE/spring-test-5.1.9.RELEASE.jar:/home/roudane/Bureau/java/maven/repository/org/xmlunit/xmlunit-core/2.6.3/xmlunit-core-2.6.3.jar:"/>
    <property name="java.vm.vendor" value="Oracle Corporation"/>
    <property name="sun.arch.data.model" value="64"/>
    <property name="java.vendor.url" value="http://java.oracle.com/"/>
    <property name="user.timezone" value=""/>
    <property name="java.vm.specification.version" value="1.8"/>
    <property name="os.name" value="Linux"/>
    <property name="user.country" value="FR"/>
    <property name="sun.java.launcher" value="SUN_STANDARD"/>
    <property name="sun.boot.library.path" value="/usr/lib/jvm/java-8-oracle/jre/lib/amd64"/>
    <property name="sun.java.command" value="/home/roudane/Documents/workspace-sts-3.9.8.RELEASE/service-config/target/surefire/surefirebooter7691278216560590154.jar /home/roudane/Documents/workspace-sts-3.9.8.RELEASE/service-config/target/surefire 2019-09-16T17-36-40_816-jvmRun1 surefire7925400669822252165tmp surefire_06493801789692983312tmp"/>
    <property name="surefire.test.class.path" value="/home/roudane/Documents/workspace-sts-3.9.8.RELEASE/service-config/target/test-classes:/home/roudane/Documents/workspace-sts-3.9.8.RELEASE/service-config/target/classes:/home/roudane/Bureau/java/maven/repository/org/springframework/cloud/spring-cloud-config-server/2.1.3.RELEASE/spring-cloud-config-server-2.1.3.RELEASE.jar:/home/roudane/Bureau/java/maven/repository/org/springframework/cloud/spring-cloud-config-client/2.1.3.RELEASE/spring-cloud-config-client-2.1.3.RELEASE.jar:/home/roudane/Bureau/java/maven/repository/org/springframework/boot/spring-boot-autoconfigure/2.1.7.RELEASE/spring-boot-autoconfigure-2.1.7.RELEASE.jar:/home/roudane/Bureau/java/maven/repository/org/springframework/cloud/spring-cloud-commons/2.1.2.RELEASE/spring-cloud-commons-2.1.2.RELEASE.jar:/home/roudane/Bureau/java/maven/repository/org/springframework/cloud/spring-cloud-context/2.1.2.RELEASE/spring-cloud-context-2.1.2.RELEASE.jar:/home/roudane/Bureau/java/maven/repository/org/springframework/spring-web/5.1.9.RELEASE/spring-web-5.1.9.RELEASE.jar:/home/roudane/Bureau/java/maven/repository/org/springframework/spring-beans/5.1.9.RELEASE/spring-beans-5.1.9.RELEASE.jar:/home/roudane/Bureau/java/maven/repository/com/fasterxml/jackson/core/jackson-annotations/2.9.0/jackson-annotations-2.9.0.jar:/home/roudane/Bureau/java/maven/repository/com/fasterxml/jackson/core/jackson-databind/2.9.9/jackson-databind-2.9.9.jar:/home/roudane/Bureau/java/maven/repository/com/fasterxml/jackson/core/jackson-core/2.9.9/jackson-core-2.9.9.jar:/home/roudane/Bureau/java/maven/repository/org/springframework/boot/spring-boot-starter-actuator/2.1.7.RELEASE/spring-boot-starter-actuator-2.1.7.RELEASE.jar:/home/roudane/Bureau/java/maven/repository/org/springframework/boot/spring-boot-actuator-autoconfigure/2.1.7.RELEASE/spring-boot-actuator-autoconfigure-2.1.7.RELEASE.jar:/home/roudane/Bureau/java/maven/repository/org/springframework/boot/spring-boot-actuator/2.1.7.RELEASE/spring-boot-actuator-2.1.7.RELEASE.jar:/home/roudane/Bureau/java/maven/repository/org/springframework/spring-context/5.1.9.RELEASE/spring-context-5.1.9.RELEASE.jar:/home/roudane/Bureau/java/maven/repository/com/fasterxml/jackson/datatype/jackson-datatype-jsr310/2.9.9/jackson-datatype-jsr310-2.9.9.jar:/home/roudane/Bureau/java/maven/repository/io/micrometer/micrometer-core/1.1.5/micrometer-core-1.1.5.jar:/home/roudane/Bureau/java/maven/repository/org/hdrhistogram/HdrHistogram/2.1.9/HdrHistogram-2.1.9.jar:/home/roudane/Bureau/java/maven/repository/org/latencyutils/LatencyUtils/2.0.3/LatencyUtils-2.0.3.jar:/home/roudane/Bureau/java/maven/repository/org/springframework/boot/spring-boot-starter-web/2.1.7.RELEASE/spring-boot-starter-web-2.1.7.RELEASE.jar:/home/roudane/Bureau/java/maven/repository/org/springframework/boot/spring-boot-starter-json/2.1.7.RELEASE/spring-boot-starter-json-2.1.7.RELEASE.jar:/home/roudane/Bureau/java/maven/repository/com/fasterxml/jackson/datatype/jackson-datatype-jdk8/2.9.9/jackson-datatype-jdk8-2.9.9.jar:/home/roudane/Bureau/java/maven/repository/com/fasterxml/jackson/module/jackson-module-parameter-names/2.9.9/jackson-module-parameter-names-2.9.9.jar:/home/roudane/Bureau/java/maven/repository/org/springframework/boot/spring-boot-starter-tomcat/2.1.7.RELEASE/spring-boot-starter-tomcat-2.1.7.RELEASE.jar:/home/roudane/Bureau/java/maven/repository/org/apache/tomcat/embed/tomcat-embed-core/9.0.22/tomcat-embed-core-9.0.22.jar:/home/roudane/Bureau/java/maven/repository/org/apache/tomcat/embed/tomcat-embed-el/9.0.22/tomcat-embed-el-9.0.22.jar:/home/roudane/Bureau/java/maven/repository/org/apache/tomcat/embed/tomcat-embed-websocket/9.0.22/tomcat-embed-websocket-9.0.22.jar:/home/roudane/Bureau/java/maven/repository/org/hibernate/validator/hibernate-validator/6.0.17.Final/hibernate-validator-6.0.17.Final.jar:/home/roudane/Bureau/java/maven/repository/javax/validation/validation-api/2.0.1.Final/validation-api-2.0.1.Final.jar:/home/roudane/Bureau/java/maven/repository/org/jboss/logging/jboss-logging/3.3.2.Final/jboss-logging-3.3.2.Final.jar:/home/roudane/Bureau/java/maven/repository/com/fasterxml/classmate/1.4.0/classmate-1.4.0.jar:/home/roudane/Bureau/java/maven/repository/org/springframework/spring-webmvc/5.1.9.RELEASE/spring-webmvc-5.1.9.RELEASE.jar:/home/roudane/Bureau/java/maven/repository/org/springframework/spring-aop/5.1.9.RELEASE/spring-aop-5.1.9.RELEASE.jar:/home/roudane/Bureau/java/maven/repository/org/springframework/spring-expression/5.1.9.RELEASE/spring-expression-5.1.9.RELEASE.jar:/home/roudane/Bureau/java/maven/repository/org/springframework/security/spring-security-crypto/5.1.6.RELEASE/spring-security-crypto-5.1.6.RELEASE.jar:/home/roudane/Bureau/java/maven/repository/org/springframework/security/spring-security-rsa/1.0.7.RELEASE/spring-security-rsa-1.0.7.RELEASE.jar:/home/roudane/Bureau/java/maven/repository/org/bouncycastle/bcpkix-jdk15on/1.60/bcpkix-jdk15on-1.60.jar:/home/roudane/Bureau/java/maven/repository/org/bouncycastle/bcprov-jdk15on/1.60/bcprov-jdk15on-1.60.jar:/home/roudane/Bureau/java/maven/repository/org/eclipse/jgit/org.eclipse.jgit/5.1.3.201810200350-r/org.eclipse.jgit-5.1.3.201810200350-r.jar:/home/roudane/Bureau/java/maven/repository/com/jcraft/jsch/0.1.54/jsch-0.1.54.jar:/home/roudane/Bureau/java/maven/repository/com/jcraft/jzlib/1.1.1/jzlib-1.1.1.jar:/home/roudane/Bureau/java/maven/repository/com/googlecode/javaewah/JavaEWAH/1.1.6/JavaEWAH-1.1.6.jar:/home/roudane/Bureau/java/maven/repository/org/slf4j/slf4j-api/1.7.26/slf4j-api-1.7.26.jar:/home/roudane/Bureau/java/maven/repository/org/eclipse/jgit/org.eclipse.jgit.http.apache/5.1.3.201810200350-r/org.eclipse.jgit.http.apache-5.1.3.201810200350-r.jar:/home/roudane/Bureau/java/maven/repository/org/apache/httpcomponents/httpclient/4.5.9/httpclient-4.5.9.jar:/home/roudane/Bureau/java/maven/repository/commons-codec/commons-codec/1.11/commons-codec-1.11.jar:/home/roudane/Bureau/java/maven/repository/org/apache/httpcomponents/httpcore/4.4.11/httpcore-4.4.11.jar:/home/roudane/Bureau/java/maven/repository/org/yaml/snakeyaml/1.23/snakeyaml-1.23.jar:/home/roudane/Bureau/java/maven/repository/org/springframework/boot/spring-boot-starter-test/2.1.7.RELEASE/spring-boot-starter-test-2.1.7.RELEASE.jar:/home/roudane/Bureau/java/maven/repository/org/springframework/boot/spring-boot-starter/2.1.7.RELEASE/spring-boot-starter-2.1.7.RELEASE.jar:/home/roudane/Bureau/java/maven/repository/org/springframework/boot/spring-boot/2.1.7.RELEASE/spring-boot-2.1.7.RELEASE.jar:/home/roudane/Bureau/java/maven/repository/org/springframework/boot/spring-boot-starter-logging/2.1.7.RELEASE/spring-boot-starter-logging-2.1.7.RELEASE.jar:/home/roudane/Bureau/java/maven/repository/ch/qos/logback/logback-classic/1.2.3/logback-classic-1.2.3.jar:/home/roudane/Bureau/java/maven/repository/ch/qos/logback/logback-core/1.2.3/logback-core-1.2.3.jar:/home/roudane/Bureau/java/maven/repository/org/apache/logging/log4j/log4j-to-slf4j/2.11.2/log4j-to-slf4j-2.11.2.jar:/home/roudane/Bureau/java/maven/repository/org/apache/logging/log4j/log4j-api/2.11.2/log4j-api-2.11.2.jar:/home/roudane/Bureau/java/maven/repository/org/slf4j/jul-to-slf4j/1.7.26/jul-to-slf4j-1.7.26.jar:/home/roudane/Bureau/java/maven/repository/javax/annotation/javax.annotation-api/1.3.2/javax.annotation-api-1.3.2.jar:/home/roudane/Bureau/java/maven/repository/org/springframework/boot/spring-boot-test/2.1.7.RELEASE/spring-boot-test-2.1.7.RELEASE.jar:/home/roudane/Bureau/java/maven/repository/org/springframework/boot/spring-boot-test-autoconfigure/2.1.7.RELEASE/spring-boot-test-autoconfigure-2.1.7.RELEASE.jar:/home/roudane/Bureau/java/maven/repository/com/jayway/jsonpath/json-path/2.4.0/json-path-2.4.0.jar:/home/roudane/Bureau/java/maven/repository/net/minidev/json-smart/2.3/json-smart-2.3.jar:/home/roudane/Bureau/java/maven/repository/net/minidev/accessors-smart/1.2/accessors-smart-1.2.jar:/home/roudane/Bureau/java/maven/repository/org/ow2/asm/asm/5.0.4/asm-5.0.4.jar:/home/roudane/Bureau/java/maven/repository/junit/junit/4.12/junit-4.12.jar:/home/roudane/Bureau/java/maven/repository/org/assertj/assertj-core/3.11.1/assertj-core-3.11.1.jar:/home/roudane/Bureau/java/maven/repository/org/mockito/mockito-core/2.23.4/mockito-core-2.23.4.jar:/home/roudane/Bureau/java/maven/repository/net/bytebuddy/byte-buddy/1.9.16/byte-buddy-1.9.16.jar:/home/roudane/Bureau/java/maven/repository/net/bytebuddy/byte-buddy-agent/1.9.16/byte-buddy-agent-1.9.16.jar:/home/roudane/Bureau/java/maven/repository/org/objenesis/objenesis/2.6/objenesis-2.6.jar:/home/roudane/Bureau/java/maven/repository/org/hamcrest/hamcrest-core/1.3/hamcrest-core-1.3.jar:/home/roudane/Bureau/java/maven/repository/org/hamcrest/hamcrest-library/1.3/hamcrest-library-1.3.jar:/home/roudane/Bureau/java/maven/repository/org/skyscreamer/jsonassert/1.5.0/jsonassert-1.5.0.jar:/home/roudane/Bureau/java/maven/repository/com/vaadin/external/google/android-json/0.0.20131108.vaadin1/android-json-0.0.20131108.vaadin1.jar:/home/roudane/Bureau/java/maven/repository/org/springframework/spring-core/5.1.9.RELEASE/spring-core-5.1.9.RELEASE.jar:/home/roudane/Bureau/java/maven/repository/org/springframework/spring-jcl/5.1.9.RELEASE/spring-jcl-5.1.9.RELEASE.jar:/home/roudane/Bureau/java/maven/repository/org/springframework/spring-test/5.1.9.RELEASE/spring-test-5.1.9.RELEASE.jar:/home/roudane/Bureau/java/maven/repository/org/xmlunit/xmlunit-core/2.6.3/xmlunit-core-2.6.3.jar:"/>
    <property name="sun.cpu.endian" value="little"/>
    <property name="user.home" value="/home/roudane"/>
    <property name="user.language" value="fr"/>
    <property name="java.specification.vendor" value="Oracle Corporation"/>
    <property name="java.home" value="/usr/lib/jvm/java-8-oracle/jre"/>
    <property name="basedir" value="/home/roudane/Documents/workspace-sts-3.9.8.RELEASE/service-config"/>
    <property name="file.separator" value="/"/>
    <property name="line.separator" value="&#10;"/>
    <property name="java.vm.specification.vendor" value="Oracle Corporation"/>
    <property name="java.specification.name" value="Java Platform API Specification"/>
    <property name="java.awt.graphicsenv" value="sun.awt.X11GraphicsEnvironment"/>
    <property name="surefire.real.class.path" value="/home/roudane/Documents/workspace-sts-3.9.8.RELEASE/service-config/target/surefire/surefirebooter7691278216560590154.jar"/>
    <property name="sun.boot.class.path" value="/usr/lib/jvm/java-8-oracle/jre/lib/resources.jar:/usr/lib/jvm/java-8-oracle/jre/lib/rt.jar:/usr/lib/jvm/java-8-oracle/jre/lib/sunrsasign.jar:/usr/lib/jvm/java-8-oracle/jre/lib/jsse.jar:/usr/lib/jvm/java-8-oracle/jre/lib/jce.jar:/usr/lib/jvm/java-8-oracle/jre/lib/charsets.jar:/usr/lib/jvm/java-8-oracle/jre/lib/jfr.jar:/usr/lib/jvm/java-8-oracle/jre/classes"/>
    <property name="sun.management.compiler" value="HotSpot 64-Bit Tiered Compilers"/>
    <property name="java.runtime.version" value="1.8.0_201-b09"/>
    <property name="user.name" value="roudane"/>
    <property name="path.separator" value=":"/>
    <property name="os.version" value="4.15.0-62-generic"/>
    <property name="java.endorsed.dirs" value="/usr/lib/jvm/java-8-oracle/jre/lib/endorsed"/>
    <property name="java.runtime.name" value="Java(TM) SE Runtime Environment"/>
    <property name="file.encoding" value="UTF-8"/>
    <property name="java.vm.name" value="Java HotSpot(TM) 64-Bit Server VM"/>
    <property name="localRepository" value="/home/roudane/Bureau/java/maven/repository"/>
    <property name="java.vendor.url.bug" value="http://bugreport.sun.com/bugreport/"/>
    <property name="java.io.tmpdir" value="/tmp"/>
    <property name="java.version" value="1.8.0_201"/>
    <property name="user.dir" value="/home/roudane/Documents/workspace-sts-3.9.8.RELEASE/service-config"/>
    <property name="os.arch" value="amd64"/>
    <property name="java.vm.specification.name" value="Java Virtual Machine Specification"/>
    <property name="java.awt.printerjob" value="sun.print.PSPrinterJob"/>
    <property name="sun.os.patch.level" value="unknown"/>
    <property name="java.library.path" value="/usr/java/packages/lib/amd64:/usr/lib64:/lib64:/lib:/usr/lib"/>
    <property name="java.vm.info" value="mixed mode"/>
    <property name="java.vendor" value="Oracle Corporation"/>
    <property name="java.vm.version" value="25.201-b09"/>
    <property name="java.ext.dirs" value="/usr/lib/jvm/java-8-oracle/jre/lib/ext:/usr/java/packages/lib/ext"/>
    <property name="sun.io.unicode.encoding" value="UnicodeLittle"/>
    <property name="java.class.version" value="52.0"/>
  </properties>
  <testcase name="contextLoads" classname="ma.ocp.ServiceConfigApplicationTests" time="0.396"/>
</testsuite>